2019-03-11 10:48:15.4772|DAL.DBHelper`1|INFO|开始批量查询数据（数据访问层） 
2019-03-11 10:48:15.5314|DAL.DBHelper`1|INFO|生成的sql语句：(数据访问层)select * from user limit 0,10 
2019-03-11 10:48:15.9934|DAL.DBHelper`1|INFO|查询完成（数据访问层） 
2019-03-11 10:48:22.9040|DAL.DBHelper_Redis|ERROR|未启动Redis缓存服务器，请检查配置文件(redis数据访问层)：It was not possible to connect to the redis server(s); to create a disconnected multiplexer, disable AbortOnConnectFail. SocketFailure on PING 
2019-03-11 10:48:33.5797|DAL.DBHelper_Redis|ERROR|未启动Redis缓存服务器，请检查配置文件(redis数据访问层)：It was not possible to connect to the redis server(s); to create a disconnected multiplexer, disable AbortOnConnectFail. SocketFailure on PING 
2019-03-11 10:58:32.0357|DAL.DBHelper`1|INFO|开始批量查询数据（数据访问层） 
2019-03-11 10:58:32.0876|DAL.DBHelper`1|INFO|生成的sql语句：(数据访问层)select * from user limit 0,10 
2019-03-11 10:58:32.5062|DAL.DBHelper`1|INFO|查询完成（数据访问层） 
2019-03-11 10:58:44.5162|DAL.DBHelper`1|INFO|开始批量查询数据（数据访问层） 
2019-03-11 10:58:44.5162|DAL.DBHelper`1|INFO|生成的sql语句：(数据访问层)select * from caruser limit 0,5 
2019-03-11 10:58:44.5397|DAL.DBHelper`1|INFO|查询完成（数据访问层） 
2019-03-11 10:58:59.9088|DAL.DBHelper`1|INFO|开始批量查询数据（数据访问层） 
2019-03-11 10:58:59.9279|DAL.DBHelper`1|INFO|生成的sql语句：(数据访问层)select * from caruser limit 0,5 
2019-03-11 10:58:59.9279|DAL.DBHelper`1|INFO|查询完成（数据访问层） 
2019-03-11 11:06:59.6642|DAL.DBHelper`1|INFO|开始批量查询数据（数据访问层） 
2019-03-11 11:06:59.7324|DAL.DBHelper`1|INFO|生成的sql语句：(数据访问层)select * from user limit 0,10 
2019-03-11 11:07:00.4323|DAL.DBHelper`1|INFO|查询完成（数据访问层） 
2019-03-11 11:07:03.8078|DAL.DBHelper_Redis|ERROR|未启动Redis缓存服务器，请检查配置文件(redis数据访问层)：It was not possible to connect to the redis server(s); to create a disconnected multiplexer, disable AbortOnConnectFail. SocketFailure on PING 
2019-03-11 11:07:18.7201|DAL.DBHelper`1|INFO|开始批量查询数据（数据访问层） 
2019-03-11 11:07:18.7201|DAL.DBHelper`1|INFO|生成的sql语句：(数据访问层)select * from user limit 0,10 
2019-03-11 11:07:18.7201|DAL.DBHelper`1|INFO|查询完成（数据访问层） 
2019-03-11 11:07:29.5215|DAL.DBHelper`1|INFO|开始批量查询数据（数据访问层） 
2019-03-11 11:07:29.5215|DAL.DBHelper`1|INFO|生成的sql语句：(数据访问层)select * from user limit 10,10 
2019-03-11 11:07:29.5215|DAL.DBHelper`1|INFO|查询完成（数据访问层） 
2019-03-11 11:07:30.0480|DAL.DBHelper`1|INFO|开始批量查询数据（数据访问层） 
2019-03-11 11:07:30.0480|DAL.DBHelper`1|INFO|生成的sql语句：(数据访问层)select * from user limit 0,10 
2019-03-11 11:07:30.0480|DAL.DBHelper`1|INFO|查询完成（数据访问层） 
2019-03-11 11:07:31.8172|DAL.DBHelper`1|INFO|开始查询数据库（数据访问层） 
2019-03-11 11:07:31.8172|DAL.DBHelper`1|INFO|生成的sql语句：select * from user where  name = '' 
2019-03-11 11:07:31.8328|DAL.DBHelper`1|INFO|结束查询（数据访问层） 
2019-03-11 11:07:31.8328|DAL.DBHelper`1|ERROR|但是未查询到字段值为： 相关的数据（数据访问层） 
2019-03-11 11:08:03.3442|DAL.DBHelper`1|INFO|开始查询数据库（数据访问层） 
2019-03-11 11:08:03.3442|DAL.DBHelper`1|INFO|生成的sql语句：select * from user where  name = '张伊琳' 
2019-03-11 11:08:03.3442|DAL.DBHelper`1|INFO|结束查询（数据访问层） 
2019-03-11 11:08:04.9426|DAL.DBHelper`1|INFO|开始批量查询数据（数据访问层） 
2019-03-11 11:08:04.9426|DAL.DBHelper`1|INFO|生成的sql语句：(数据访问层)select * from user limit 0,10 
2019-03-11 11:08:04.9426|DAL.DBHelper`1|INFO|查询完成（数据访问层） 
2019-03-11 11:08:10.2232|DAL.DBHelper_Redis|ERROR|未启动Redis缓存服务器，请检查配置文件(redis数据访问层)：It was not possible to connect to the redis server(s); to create a disconnected multiplexer, disable AbortOnConnectFail. SocketFailure on PING 
2019-03-11 11:19:57.3417|DAL.DBHelper`1|INFO|开始批量查询数据（数据访问层） 
2019-03-11 11:19:57.3912|DAL.DBHelper`1|INFO|生成的sql语句：(数据访问层)select * from user limit 0,10 
2019-03-11 11:19:57.8553|DAL.DBHelper`1|INFO|查询完成（数据访问层） 
2019-03-11 11:19:58.6981|DAL.DBHelper`1|INFO|开始批量查询数据（数据访问层） 
2019-03-11 11:19:58.6981|DAL.DBHelper`1|INFO|生成的sql语句：(数据访问层)select * from caruser limit 0,5 
2019-03-11 11:19:58.7206|DAL.DBHelper`1|INFO|查询完成（数据访问层） 
2019-03-11 11:20:10.8763|DAL.DBHelper`1|INFO|开始批量查询数据（数据访问层） 
2019-03-11 11:20:10.8763|DAL.DBHelper`1|INFO|生成的sql语句：(数据访问层)select * from caruser limit 0,5 
2019-03-11 11:20:10.8928|DAL.DBHelper`1|INFO|查询完成（数据访问层） 
2019-03-11 11:24:18.4878|DAL.DBHelper`1|INFO|开始批量查询数据（数据访问层） 
2019-03-11 11:24:18.5566|DAL.DBHelper`1|INFO|生成的sql语句：(数据访问层)select * from user limit 0,10 
2019-03-11 11:24:19.2293|DAL.DBHelper`1|INFO|查询完成（数据访问层） 
2019-03-11 11:24:20.4842|DAL.DBHelper`1|INFO|开始批量查询数据（数据访问层） 
2019-03-11 11:24:20.4857|DAL.DBHelper`1|INFO|生成的sql语句：(数据访问层)select * from caruser limit 0,5 
2019-03-11 11:24:20.5087|DAL.DBHelper`1|INFO|查询完成（数据访问层） 
